<?xml version="1.0" encoding="UTF-8"?>
<testsuite name="me.tcpackfrequency.Warehouse.WarehouseApplicationTests" tests="1" skipped="0" failures="0" errors="0" timestamp="2019-12-03T18:01:15" hostname="archPC" time="0.071">
  <properties/>
  <testcase name="contextLoads()" classname="me.tcpackfrequency.Warehouse.WarehouseApplicationTests" time="0.071"/>
  <system-out><![CDATA[20:01:04.254 [Test worker] DEBUG org.springframework.test.context.BootstrapUtils - Instantiating CacheAwareContextLoaderDelegate from class [org.springframework.test.context.cache.DefaultCacheAwareContextLoaderDelegate]
20:01:04.266 [Test worker] DEBUG org.springframework.test.context.BootstrapUtils - Instantiating BootstrapContext using constructor [public org.springframework.test.context.support.DefaultBootstrapContext(java.lang.Class,org.springframework.test.context.CacheAwareContextLoaderDelegate)]
20:01:04.286 [Test worker] DEBUG org.springframework.test.context.BootstrapUtils - Instantiating TestContextBootstrapper for test class [me.tcpackfrequency.Warehouse.WarehouseApplicationTests] from class [org.springframework.boot.test.context.SpringBootTestContextBootstrapper]
20:01:04.297 [Test worker] INFO org.springframework.boot.test.context.SpringBootTestContextBootstrapper - Neither @ContextConfiguration nor @ContextHierarchy found for test class [me.tcpackfrequency.Warehouse.WarehouseApplicationTests], using SpringBootContextLoader
20:01:04.300 [Test worker] DEBUG org.springframework.test.context.support.AbstractContextLoader - Did not detect default resource location for test class [me.tcpackfrequency.Warehouse.WarehouseApplicationTests]: class path resource [me/tcpackfrequency/Warehouse/WarehouseApplicationTests-context.xml] does not exist
20:01:04.300 [Test worker] DEBUG org.springframework.test.context.support.AbstractContextLoader - Did not detect default resource location for test class [me.tcpackfrequency.Warehouse.WarehouseApplicationTests]: class path resource [me/tcpackfrequency/Warehouse/WarehouseApplicationTestsContext.groovy] does not exist
20:01:04.300 [Test worker] INFO org.springframework.test.context.support.AbstractContextLoader - Could not detect default resource locations for test class [me.tcpackfrequency.Warehouse.WarehouseApplicationTests]: no resource found for suffixes {-context.xml, Context.groovy}.
20:01:04.301 [Test worker] INFO org.springframework.test.context.support.AnnotationConfigContextLoaderUtils - Could not detect default configuration classes for test class [me.tcpackfrequency.Warehouse.WarehouseApplicationTests]: WarehouseApplicationTests does not declare any static, non-private, non-final, nested classes annotated with @Configuration.
20:01:04.327 [Test worker] DEBUG org.springframework.test.context.support.ActiveProfilesUtils - Could not find an 'annotation declaring class' for annotation type [org.springframework.test.context.ActiveProfiles] and class [me.tcpackfrequency.Warehouse.WarehouseApplicationTests]
20:01:04.375 [Test worker] DEBUG org.springframework.context.annotation.ClassPathScanningCandidateComponentProvider - Identified candidate component class: file [/home/tcp/Warehouse-App/build/classes/java/main/me/tcpackfrequency/Warehouse/WarehouseApplication.class]
20:01:04.376 [Test worker] INFO org.springframework.boot.test.context.SpringBootTestContextBootstrapper - Found @SpringBootConfiguration me.tcpackfrequency.Warehouse.WarehouseApplication for test class me.tcpackfrequency.Warehouse.WarehouseApplicationTests
20:01:04.436 [Test worker] DEBUG org.springframework.boot.test.context.SpringBootTestContextBootstrapper - @TestExecutionListeners is not present for class [me.tcpackfrequency.Warehouse.WarehouseApplicationTests]: using defaults.
20:01:04.436 [Test worker] INFO org.springframework.boot.test.context.SpringBootTestContextBootstrapper - Loaded default TestExecutionListener class names from location [META-INF/spring.factories]: [org.springframework.boot.test.autoconfigure.restdocs.RestDocsTestExecutionListener, org.springframework.boot.test.autoconfigure.web.client.MockRestServiceServerResetTestExecutionListener, org.springframework.boot.test.autoconfigure.web.servlet.MockMvcPrintOnlyOnFailureTestExecutionListener, org.springframework.boot.test.autoconfigure.web.servlet.WebDriverTestExecutionListener, org.springframework.boot.test.mock.mockito.MockitoTestExecutionListener, org.springframework.boot.test.mock.mockito.ResetMocksTestExecutionListener, org.springframework.test.context.web.ServletTestExecutionListener, org.springframework.test.context.support.DirtiesContextBeforeModesTestExecutionListener, org.springframework.test.context.support.DependencyInjectionTestExecutionListener, org.springframework.test.context.support.DirtiesContextTestExecutionListener, org.springframework.test.context.transaction.TransactionalTestExecutionListener, org.springframework.test.context.jdbc.SqlScriptsTestExecutionListener, org.springframework.test.context.event.EventPublishingTestExecutionListener]
20:01:04.446 [Test worker] INFO org.springframework.boot.test.context.SpringBootTestContextBootstrapper - Using TestExecutionListeners: [org.springframework.test.context.web.ServletTestExecutionListener@7b047538, org.springframework.test.context.support.DirtiesContextBeforeModesTestExecutionListener@7d0566b0, org.springframework.boot.test.mock.mockito.MockitoTestExecutionListener@8cdf87d, org.springframework.boot.test.autoconfigure.SpringBootDependencyInjectionTestExecutionListener@3a99b8e6, org.springframework.test.context.support.DirtiesContextTestExecutionListener@62eca738, org.springframework.test.context.transaction.TransactionalTestExecutionListener@348a6d33, org.springframework.test.context.jdbc.SqlScriptsTestExecutionListener@536365cf, org.springframework.test.context.event.EventPublishingTestExecutionListener@24cab9cd, org.springframework.boot.test.autoconfigure.restdocs.RestDocsTestExecutionListener@23981f0b, org.springframework.boot.test.autoconfigure.web.client.MockRestServiceServerResetTestExecutionListener@449c0dbe, org.springframework.boot.test.autoconfigure.web.servlet.MockMvcPrintOnlyOnFailureTestExecutionListener@c9945ff, org.springframework.boot.test.autoconfigure.web.servlet.WebDriverTestExecutionListener@7d6c8170, org.springframework.boot.test.mock.mockito.ResetMocksTestExecutionListener@1eefa991]
20:01:04.449 [Test worker] DEBUG org.springframework.test.context.support.AbstractDirtiesContextTestExecutionListener - Before test class: context [DefaultTestContext@348ccedf testClass = WarehouseApplicationTests, testInstance = [null], testMethod = [null], testException = [null], mergedContextConfiguration = [WebMergedContextConfiguration@137a8f7 testClass = WarehouseApplicationTests, locations = '{}', classes = '{class me.tcpackfrequency.Warehouse.WarehouseApplication}', contextInitializerClasses = '[]', activeProfiles = '{}', propertySourceLocations = '{}', propertySourceProperties = '{org.springframework.boot.test.context.SpringBootTestContextBootstrapper=true}', contextCustomizers = set[org.springframework.boot.test.autoconfigure.properties.PropertyMappingContextCustomizer@0, org.springframework.boot.test.autoconfigure.web.servlet.WebDriverContextCustomizerFactory$Customizer@62485297, org.springframework.boot.test.context.filter.ExcludeFilterContextCustomizer@2fb41bf0, org.springframework.boot.test.json.DuplicateJsonObjectContextCustomizerFactory$DuplicateJsonObjectContextCustomizer@14a52f43, org.springframework.boot.test.mock.mockito.MockitoContextCustomizer@0, org.springframework.boot.test.web.client.TestRestTemplateContextCustomizer@6aaa278f], resourceBasePath = 'src/main/webapp', contextLoader = 'org.springframework.boot.test.context.SpringBootContextLoader', parent = [null]], attributes = map['org.springframework.test.context.web.ServletTestExecutionListener.activateListener' -> true]], class annotated with @DirtiesContext [false] with mode [null].
20:01:04.467 [Test worker] DEBUG org.springframework.test.context.support.TestPropertySourceUtils - Adding inlined properties to environment: {spring.jmx.enabled=false, org.springframework.boot.test.context.SpringBootTestContextBootstrapper=true, server.port=-1}

  .   ____          _            __ _ _
 /\\ / ___'_ __ _ _(_)_ __  __ _ \ \ \ \
( ( )\___ | '_ | '_| | '_ \/ _` | \ \ \ \
 \\/  ___)| |_)| | | | | || (_| |  ) ) ) )
  '  |____| .__|_| |_|_| |_\__, | / / / /
 =========|_|==============|___/=/_/_/_/
 :: Spring Boot ::        (v2.2.0.RELEASE)

2019-12-03 20:01:04.680  INFO 16799 --- [    Test worker] m.t.Warehouse.WarehouseApplicationTests  : Starting WarehouseApplicationTests on archPC with PID 16799 (started by tcp in /home/tcp/Warehouse-App)
2019-12-03 20:01:04.682  INFO 16799 --- [    Test worker] m.t.Warehouse.WarehouseApplicationTests  : No active profile set, falling back to default profiles: default
2019-12-03 20:01:05.146  INFO 16799 --- [    Test worker] .s.d.r.c.RepositoryConfigurationDelegate : Bootstrapping Spring Data repositories in DEFAULT mode.
2019-12-03 20:01:05.192  INFO 16799 --- [    Test worker] .s.d.r.c.RepositoryConfigurationDelegate : Finished Spring Data repository scanning in 40ms. Found 2 repository interfaces.
2019-12-03 20:01:05.472  INFO 16799 --- [    Test worker] trationDelegate$BeanPostProcessorChecker : Bean 'org.springframework.transaction.annotation.ProxyTransactionManagementConfiguration' of type [org.springframework.transaction.annotation.ProxyTransactionManagementConfiguration] is not eligible for getting processed by all BeanPostProcessors (for example: not eligible for auto-proxying)
2019-12-03 20:01:05.495  INFO 16799 --- [    Test worker] trationDelegate$BeanPostProcessorChecker : Bean 'org.springframework.security.config.annotation.configuration.ObjectPostProcessorConfiguration' of type [org.springframework.security.config.annotation.configuration.ObjectPostProcessorConfiguration] is not eligible for getting processed by all BeanPostProcessors (for example: not eligible for auto-proxying)
2019-12-03 20:01:05.504  INFO 16799 --- [    Test worker] trationDelegate$BeanPostProcessorChecker : Bean 'objectPostProcessor' of type [org.springframework.security.config.annotation.configuration.AutowireBeanFactoryObjectPostProcessor] is not eligible for getting processed by all BeanPostProcessors (for example: not eligible for auto-proxying)
2019-12-03 20:01:05.505  INFO 16799 --- [    Test worker] trationDelegate$BeanPostProcessorChecker : Bean 'org.springframework.security.access.expression.method.DefaultMethodSecurityExpressionHandler@5803cb31' of type [org.springframework.security.access.expression.method.DefaultMethodSecurityExpressionHandler] is not eligible for getting processed by all BeanPostProcessors (for example: not eligible for auto-proxying)
2019-12-03 20:01:05.510  INFO 16799 --- [    Test worker] trationDelegate$BeanPostProcessorChecker : Bean 'org.springframework.security.config.annotation.method.configuration.GlobalMethodSecurityConfiguration' of type [org.springframework.security.config.annotation.method.configuration.GlobalMethodSecurityConfiguration] is not eligible for getting processed by all BeanPostProcessors (for example: not eligible for auto-proxying)
2019-12-03 20:01:05.515  INFO 16799 --- [    Test worker] trationDelegate$BeanPostProcessorChecker : Bean 'methodSecurityMetadataSource' of type [org.springframework.security.access.method.DelegatingMethodSecurityMetadataSource] is not eligible for getting processed by all BeanPostProcessors (for example: not eligible for auto-proxying)
2019-12-03 20:01:05.635  INFO 16799 --- [    Test worker] com.zaxxer.hikari.HikariDataSource       : HikariPool-1 - Starting...
2019-12-03 20:01:06.479  INFO 16799 --- [    Test worker] com.zaxxer.hikari.HikariDataSource       : HikariPool-1 - Start completed.
2019-12-03 20:01:06.540  INFO 16799 --- [    Test worker] o.hibernate.jpa.internal.util.LogHelper  : HHH000204: Processing PersistenceUnitInfo [name: default]
2019-12-03 20:01:06.587  INFO 16799 --- [    Test worker] org.hibernate.Version                    : HHH000412: Hibernate Core {5.4.6.Final}
2019-12-03 20:01:06.702  INFO 16799 --- [    Test worker] o.hibernate.annotations.common.Version   : HCANN000001: Hibernate Commons Annotations {5.1.0.Final}
2019-12-03 20:01:06.783  INFO 16799 --- [    Test worker] org.hibernate.dialect.Dialect            : HHH000400: Using dialect: org.hibernate.dialect.PostgreSQLDialect
2019-12-03 20:01:14.425  INFO 16799 --- [    Test worker] o.h.e.t.j.p.i.JtaPlatformInitiator       : HHH000490: Using JtaPlatform implementation: [org.hibernate.engine.transaction.jta.platform.internal.NoJtaPlatform]
2019-12-03 20:01:14.432  INFO 16799 --- [    Test worker] j.LocalContainerEntityManagerFactoryBean : Initialized JPA EntityManagerFactory for persistence unit 'default'
2019-12-03 20:01:14.721  WARN 16799 --- [    Test worker] JpaBaseConfiguration$JpaWebConfiguration : spring.jpa.open-in-view is enabled by default. Therefore, database queries may be performed during view rendering. Explicitly configure spring.jpa.open-in-view to disable this warning
2019-12-03 20:01:14.964  INFO 16799 --- [    Test worker] o.s.s.web.DefaultSecurityFilterChain     : Creating filter chain: any request, [org.springframework.security.web.context.request.async.WebAsyncManagerIntegrationFilter@4e1cc342, org.springframework.security.web.context.SecurityContextPersistenceFilter@4e0e8822, org.springframework.security.web.header.HeaderWriterFilter@7178afd8, org.springframework.security.web.authentication.logout.LogoutFilter@6e62aed6, me.tcpackfrequency.Warehouse.config.JwtRequestFilter@36b59f05, org.springframework.security.web.savedrequest.RequestCacheAwareFilter@ea90048, org.springframework.security.web.servletapi.SecurityContextHolderAwareRequestFilter@5eadbecc, org.springframework.security.web.authentication.AnonymousAuthenticationFilter@e4e5b45, org.springframework.security.web.session.SessionManagementFilter@199432ce, org.springframework.security.web.access.ExceptionTranslationFilter@49f706de, org.springframework.security.web.access.intercept.FilterSecurityInterceptor@2a98a3c9]
2019-12-03 20:01:15.272  INFO 16799 --- [    Test worker] o.s.s.concurrent.ThreadPoolTaskExecutor  : Initializing ExecutorService 'applicationTaskExecutor'
2019-12-03 20:01:15.583  INFO 16799 --- [    Test worker] m.t.Warehouse.WarehouseApplicationTests  : Started WarehouseApplicationTests in 11.107 seconds (JVM running for 12.242)
]]></system-out>
  <system-err><![CDATA[]]></system-err>
</testsuite>
