<?xml version="1.0" encoding="UTF-8"?>
<testsuite name="me.tcpackfrequency.Warehouse.WarehouseApplicationTests" tests="1" skipped="0" failures="0" errors="0" timestamp="2019-11-12T16:37:00" hostname="archPC" time="0.058">
  <properties/>
  <testcase name="contextLoads()" classname="me.tcpackfrequency.Warehouse.WarehouseApplicationTests" time="0.058"/>
  <system-out><![CDATA[18:36:46.603 [Test worker] DEBUG org.springframework.test.context.BootstrapUtils - Instantiating CacheAwareContextLoaderDelegate from class [org.springframework.test.context.cache.DefaultCacheAwareContextLoaderDelegate]
18:36:46.614 [Test worker] DEBUG org.springframework.test.context.BootstrapUtils - Instantiating BootstrapContext using constructor [public org.springframework.test.context.support.DefaultBootstrapContext(java.lang.Class,org.springframework.test.context.CacheAwareContextLoaderDelegate)]
18:36:46.633 [Test worker] DEBUG org.springframework.test.context.BootstrapUtils - Instantiating TestContextBootstrapper for test class [me.tcpackfrequency.Warehouse.WarehouseApplicationTests] from class [org.springframework.boot.test.context.SpringBootTestContextBootstrapper]
18:36:46.644 [Test worker] INFO org.springframework.boot.test.context.SpringBootTestContextBootstrapper - Neither @ContextConfiguration nor @ContextHierarchy found for test class [me.tcpackfrequency.Warehouse.WarehouseApplicationTests], using SpringBootContextLoader
18:36:46.647 [Test worker] DEBUG org.springframework.test.context.support.AbstractContextLoader - Did not detect default resource location for test class [me.tcpackfrequency.Warehouse.WarehouseApplicationTests]: class path resource [me/tcpackfrequency/Warehouse/WarehouseApplicationTests-context.xml] does not exist
18:36:46.647 [Test worker] DEBUG org.springframework.test.context.support.AbstractContextLoader - Did not detect default resource location for test class [me.tcpackfrequency.Warehouse.WarehouseApplicationTests]: class path resource [me/tcpackfrequency/Warehouse/WarehouseApplicationTestsContext.groovy] does not exist
18:36:46.647 [Test worker] INFO org.springframework.test.context.support.AbstractContextLoader - Could not detect default resource locations for test class [me.tcpackfrequency.Warehouse.WarehouseApplicationTests]: no resource found for suffixes {-context.xml, Context.groovy}.
18:36:46.648 [Test worker] INFO org.springframework.test.context.support.AnnotationConfigContextLoaderUtils - Could not detect default configuration classes for test class [me.tcpackfrequency.Warehouse.WarehouseApplicationTests]: WarehouseApplicationTests does not declare any static, non-private, non-final, nested classes annotated with @Configuration.
18:36:46.672 [Test worker] DEBUG org.springframework.test.context.support.ActiveProfilesUtils - Could not find an 'annotation declaring class' for annotation type [org.springframework.test.context.ActiveProfiles] and class [me.tcpackfrequency.Warehouse.WarehouseApplicationTests]
18:36:46.726 [Test worker] DEBUG org.springframework.context.annotation.ClassPathScanningCandidateComponentProvider - Identified candidate component class: file [/home/tcp/Warehouse-App/build/classes/java/main/me/tcpackfrequency/Warehouse/WarehouseApplication.class]
18:36:46.727 [Test worker] INFO org.springframework.boot.test.context.SpringBootTestContextBootstrapper - Found @SpringBootConfiguration me.tcpackfrequency.Warehouse.WarehouseApplication for test class me.tcpackfrequency.Warehouse.WarehouseApplicationTests
18:36:46.787 [Test worker] DEBUG org.springframework.boot.test.context.SpringBootTestContextBootstrapper - @TestExecutionListeners is not present for class [me.tcpackfrequency.Warehouse.WarehouseApplicationTests]: using defaults.
18:36:46.787 [Test worker] INFO org.springframework.boot.test.context.SpringBootTestContextBootstrapper - Loaded default TestExecutionListener class names from location [META-INF/spring.factories]: [org.springframework.boot.test.autoconfigure.restdocs.RestDocsTestExecutionListener, org.springframework.boot.test.autoconfigure.web.client.MockRestServiceServerResetTestExecutionListener, org.springframework.boot.test.autoconfigure.web.servlet.MockMvcPrintOnlyOnFailureTestExecutionListener, org.springframework.boot.test.autoconfigure.web.servlet.WebDriverTestExecutionListener, org.springframework.boot.test.mock.mockito.MockitoTestExecutionListener, org.springframework.boot.test.mock.mockito.ResetMocksTestExecutionListener, org.springframework.test.context.web.ServletTestExecutionListener, org.springframework.test.context.support.DirtiesContextBeforeModesTestExecutionListener, org.springframework.test.context.support.DependencyInjectionTestExecutionListener, org.springframework.test.context.support.DirtiesContextTestExecutionListener, org.springframework.test.context.transaction.TransactionalTestExecutionListener, org.springframework.test.context.jdbc.SqlScriptsTestExecutionListener, org.springframework.test.context.event.EventPublishingTestExecutionListener]
18:36:46.797 [Test worker] INFO org.springframework.boot.test.context.SpringBootTestContextBootstrapper - Using TestExecutionListeners: [org.springframework.test.context.web.ServletTestExecutionListener@273a7de9, org.springframework.test.context.support.DirtiesContextBeforeModesTestExecutionListener@462619a9, org.springframework.boot.test.mock.mockito.MockitoTestExecutionListener@78771ca, org.springframework.boot.test.autoconfigure.SpringBootDependencyInjectionTestExecutionListener@19a49284, org.springframework.test.context.support.DirtiesContextTestExecutionListener@6d05716c, org.springframework.test.context.transaction.TransactionalTestExecutionListener@1b98c634, org.springframework.test.context.jdbc.SqlScriptsTestExecutionListener@272dedac, org.springframework.test.context.event.EventPublishingTestExecutionListener@1a207b7f, org.springframework.boot.test.autoconfigure.restdocs.RestDocsTestExecutionListener@5ce8f746, org.springframework.boot.test.autoconfigure.web.client.MockRestServiceServerResetTestExecutionListener@19c2389, org.springframework.boot.test.autoconfigure.web.servlet.MockMvcPrintOnlyOnFailureTestExecutionListener@4914ee9b, org.springframework.boot.test.autoconfigure.web.servlet.WebDriverTestExecutionListener@50768f45, org.springframework.boot.test.mock.mockito.ResetMocksTestExecutionListener@4bbf10ca]
18:36:46.800 [Test worker] DEBUG org.springframework.test.context.support.AbstractDirtiesContextTestExecutionListener - Before test class: context [DefaultTestContext@34748c5 testClass = WarehouseApplicationTests, testInstance = [null], testMethod = [null], testException = [null], mergedContextConfiguration = [WebMergedContextConfiguration@54cf8a87 testClass = WarehouseApplicationTests, locations = '{}', classes = '{class me.tcpackfrequency.Warehouse.WarehouseApplication}', contextInitializerClasses = '[]', activeProfiles = '{}', propertySourceLocations = '{}', propertySourceProperties = '{org.springframework.boot.test.context.SpringBootTestContextBootstrapper=true}', contextCustomizers = set[org.springframework.boot.test.autoconfigure.properties.PropertyMappingContextCustomizer@0, org.springframework.boot.test.autoconfigure.web.servlet.WebDriverContextCustomizerFactory$Customizer@62728546, org.springframework.boot.test.context.filter.ExcludeFilterContextCustomizer@3dcc900c, org.springframework.boot.test.json.DuplicateJsonObjectContextCustomizerFactory$DuplicateJsonObjectContextCustomizer@332fa964, org.springframework.boot.test.mock.mockito.MockitoContextCustomizer@0, org.springframework.boot.test.web.client.TestRestTemplateContextCustomizer@20310919], resourceBasePath = 'src/main/webapp', contextLoader = 'org.springframework.boot.test.context.SpringBootContextLoader', parent = [null]], attributes = map['org.springframework.test.context.web.ServletTestExecutionListener.activateListener' -> true]], class annotated with @DirtiesContext [false] with mode [null].
18:36:46.817 [Test worker] DEBUG org.springframework.test.context.support.TestPropertySourceUtils - Adding inlined properties to environment: {spring.jmx.enabled=false, org.springframework.boot.test.context.SpringBootTestContextBootstrapper=true, server.port=-1}

  .   ____          _            __ _ _
 /\\ / ___'_ __ _ _(_)_ __  __ _ \ \ \ \
( ( )\___ | '_ | '_| | '_ \/ _` | \ \ \ \
 \\/  ___)| |_)| | | | | || (_| |  ) ) ) )
  '  |____| .__|_| |_|_| |_\__, | / / / /
 =========|_|==============|___/=/_/_/_/
 :: Spring Boot ::        (v2.2.0.RELEASE)

2019-11-12 18:36:46.967  INFO 23237 --- [    Test worker] m.t.Warehouse.WarehouseApplicationTests  : Starting WarehouseApplicationTests on archPC with PID 23237 (started by tcp in /home/tcp/Warehouse-App)
2019-11-12 18:36:46.968  INFO 23237 --- [    Test worker] m.t.Warehouse.WarehouseApplicationTests  : No active profile set, falling back to default profiles: default
2019-11-12 18:36:47.445  INFO 23237 --- [    Test worker] .s.d.r.c.RepositoryConfigurationDelegate : Bootstrapping Spring Data repositories in DEFAULT mode.
2019-11-12 18:36:47.464  INFO 23237 --- [    Test worker] .s.d.r.c.RepositoryConfigurationDelegate : Finished Spring Data repository scanning in 12ms. Found 0 repository interfaces.
2019-11-12 18:36:47.761  INFO 23237 --- [    Test worker] trationDelegate$BeanPostProcessorChecker : Bean 'org.springframework.transaction.annotation.ProxyTransactionManagementConfiguration' of type [org.springframework.transaction.annotation.ProxyTransactionManagementConfiguration] is not eligible for getting processed by all BeanPostProcessors (for example: not eligible for auto-proxying)
2019-11-12 18:36:47.784  INFO 23237 --- [    Test worker] trationDelegate$BeanPostProcessorChecker : Bean 'org.springframework.security.config.annotation.configuration.ObjectPostProcessorConfiguration' of type [org.springframework.security.config.annotation.configuration.ObjectPostProcessorConfiguration] is not eligible for getting processed by all BeanPostProcessors (for example: not eligible for auto-proxying)
2019-11-12 18:36:47.789  INFO 23237 --- [    Test worker] trationDelegate$BeanPostProcessorChecker : Bean 'objectPostProcessor' of type [org.springframework.security.config.annotation.configuration.AutowireBeanFactoryObjectPostProcessor] is not eligible for getting processed by all BeanPostProcessors (for example: not eligible for auto-proxying)
2019-11-12 18:36:47.790  INFO 23237 --- [    Test worker] trationDelegate$BeanPostProcessorChecker : Bean 'org.springframework.security.access.expression.method.DefaultMethodSecurityExpressionHandler@113ddb0a' of type [org.springframework.security.access.expression.method.DefaultMethodSecurityExpressionHandler] is not eligible for getting processed by all BeanPostProcessors (for example: not eligible for auto-proxying)
2019-11-12 18:36:47.795  INFO 23237 --- [    Test worker] trationDelegate$BeanPostProcessorChecker : Bean 'org.springframework.security.config.annotation.method.configuration.GlobalMethodSecurityConfiguration' of type [org.springframework.security.config.annotation.method.configuration.GlobalMethodSecurityConfiguration] is not eligible for getting processed by all BeanPostProcessors (for example: not eligible for auto-proxying)
2019-11-12 18:36:47.800  INFO 23237 --- [    Test worker] trationDelegate$BeanPostProcessorChecker : Bean 'methodSecurityMetadataSource' of type [org.springframework.security.access.method.DelegatingMethodSecurityMetadataSource] is not eligible for getting processed by all BeanPostProcessors (for example: not eligible for auto-proxying)
2019-11-12 18:36:47.960  INFO 23237 --- [    Test worker] o.hibernate.jpa.internal.util.LogHelper  : HHH000204: Processing PersistenceUnitInfo [name: default]
2019-11-12 18:36:48.059  INFO 23237 --- [    Test worker] org.hibernate.Version                    : HHH000412: Hibernate Core {5.4.6.Final}
2019-11-12 18:36:48.153  INFO 23237 --- [    Test worker] o.hibernate.annotations.common.Version   : HCANN000001: Hibernate Commons Annotations {5.1.0.Final}
2019-11-12 18:36:48.222  INFO 23237 --- [    Test worker] com.zaxxer.hikari.HikariDataSource       : HikariPool-1 - Starting...
2019-11-12 18:36:49.207  INFO 23237 --- [    Test worker] com.zaxxer.hikari.HikariDataSource       : HikariPool-1 - Start completed.
2019-11-12 18:36:49.228  INFO 23237 --- [    Test worker] org.hibernate.dialect.Dialect            : HHH000400: Using dialect: org.hibernate.dialect.PostgreSQLDialect
2019-11-12 18:36:59.837  INFO 23237 --- [    Test worker] o.h.e.t.j.p.i.JtaPlatformInitiator       : HHH000490: Using JtaPlatform implementation: [org.hibernate.engine.transaction.jta.platform.internal.NoJtaPlatform]
2019-11-12 18:36:59.845  INFO 23237 --- [    Test worker] j.LocalContainerEntityManagerFactoryBean : Initialized JPA EntityManagerFactory for persistence unit 'default'
2019-11-12 18:36:59.947  WARN 23237 --- [    Test worker] JpaBaseConfiguration$JpaWebConfiguration : spring.jpa.open-in-view is enabled by default. Therefore, database queries may be performed during view rendering. Explicitly configure spring.jpa.open-in-view to disable this warning
2019-11-12 18:37:00.184  INFO 23237 --- [    Test worker] o.s.s.web.DefaultSecurityFilterChain     : Creating filter chain: any request, [org.springframework.security.web.context.request.async.WebAsyncManagerIntegrationFilter@98bfda0, org.springframework.security.web.context.SecurityContextPersistenceFilter@16eff119, org.springframework.security.web.header.HeaderWriterFilter@5f25982e, org.springframework.security.web.authentication.logout.LogoutFilter@25ea07b1, me.tcpackfrequency.Warehouse.config.JwtRequestFilter@30c36f43, org.springframework.security.web.savedrequest.RequestCacheAwareFilter@6e4f62f5, org.springframework.security.web.servletapi.SecurityContextHolderAwareRequestFilter@69eafae1, org.springframework.security.web.authentication.AnonymousAuthenticationFilter@225c9da6, org.springframework.security.web.session.SessionManagementFilter@214e4f7d, org.springframework.security.web.access.ExceptionTranslationFilter@6b882934, org.springframework.security.web.access.intercept.FilterSecurityInterceptor@40322548]
2019-11-12 18:37:00.529  INFO 23237 --- [    Test worker] o.s.s.concurrent.ThreadPoolTaskExecutor  : Initializing ExecutorService 'applicationTaskExecutor'
2019-11-12 18:37:00.818  INFO 23237 --- [    Test worker] m.t.Warehouse.WarehouseApplicationTests  : Started WarehouseApplicationTests in 13.995 seconds (JVM running for 14.736)
]]></system-out>
  <system-err><![CDATA[]]></system-err>
</testsuite>
