<?xml version="1.0" encoding="UTF-8"?>
<testsuite name="me.tcpackfrequency.Warehouse.WarehouseApplicationTests" tests="1" skipped="0" failures="0" errors="0" timestamp="2019-11-04T13:00:36" hostname="archPC" time="0.148">
  <properties/>
  <testcase name="contextLoads()" classname="me.tcpackfrequency.Warehouse.WarehouseApplicationTests" time="0.148"/>
  <system-out><![CDATA[15:00:35.625 [Test worker] DEBUG org.springframework.test.context.BootstrapUtils - Instantiating CacheAwareContextLoaderDelegate from class [org.springframework.test.context.cache.DefaultCacheAwareContextLoaderDelegate]
15:00:35.636 [Test worker] DEBUG org.springframework.test.context.BootstrapUtils - Instantiating BootstrapContext using constructor [public org.springframework.test.context.support.DefaultBootstrapContext(java.lang.Class,org.springframework.test.context.CacheAwareContextLoaderDelegate)]
15:00:35.655 [Test worker] DEBUG org.springframework.test.context.BootstrapUtils - Instantiating TestContextBootstrapper for test class [me.tcpackfrequency.Warehouse.WarehouseApplicationTests] from class [org.springframework.boot.test.context.SpringBootTestContextBootstrapper]
15:00:35.666 [Test worker] INFO org.springframework.boot.test.context.SpringBootTestContextBootstrapper - Neither @ContextConfiguration nor @ContextHierarchy found for test class [me.tcpackfrequency.Warehouse.WarehouseApplicationTests], using SpringBootContextLoader
15:00:35.668 [Test worker] DEBUG org.springframework.test.context.support.AbstractContextLoader - Did not detect default resource location for test class [me.tcpackfrequency.Warehouse.WarehouseApplicationTests]: class path resource [me/tcpackfrequency/Warehouse/WarehouseApplicationTests-context.xml] does not exist
15:00:35.669 [Test worker] DEBUG org.springframework.test.context.support.AbstractContextLoader - Did not detect default resource location for test class [me.tcpackfrequency.Warehouse.WarehouseApplicationTests]: class path resource [me/tcpackfrequency/Warehouse/WarehouseApplicationTestsContext.groovy] does not exist
15:00:35.669 [Test worker] INFO org.springframework.test.context.support.AbstractContextLoader - Could not detect default resource locations for test class [me.tcpackfrequency.Warehouse.WarehouseApplicationTests]: no resource found for suffixes {-context.xml, Context.groovy}.
15:00:35.669 [Test worker] INFO org.springframework.test.context.support.AnnotationConfigContextLoaderUtils - Could not detect default configuration classes for test class [me.tcpackfrequency.Warehouse.WarehouseApplicationTests]: WarehouseApplicationTests does not declare any static, non-private, non-final, nested classes annotated with @Configuration.
15:00:35.694 [Test worker] DEBUG org.springframework.test.context.support.ActiveProfilesUtils - Could not find an 'annotation declaring class' for annotation type [org.springframework.test.context.ActiveProfiles] and class [me.tcpackfrequency.Warehouse.WarehouseApplicationTests]
15:00:35.742 [Test worker] DEBUG org.springframework.context.annotation.ClassPathScanningCandidateComponentProvider - Identified candidate component class: file [/home/tcp/Warehouse-App/build/classes/java/main/me/tcpackfrequency/Warehouse/WarehouseApplication.class]
15:00:35.742 [Test worker] INFO org.springframework.boot.test.context.SpringBootTestContextBootstrapper - Found @SpringBootConfiguration me.tcpackfrequency.Warehouse.WarehouseApplication for test class me.tcpackfrequency.Warehouse.WarehouseApplicationTests
15:00:35.807 [Test worker] DEBUG org.springframework.boot.test.context.SpringBootTestContextBootstrapper - @TestExecutionListeners is not present for class [me.tcpackfrequency.Warehouse.WarehouseApplicationTests]: using defaults.
15:00:35.808 [Test worker] INFO org.springframework.boot.test.context.SpringBootTestContextBootstrapper - Loaded default TestExecutionListener class names from location [META-INF/spring.factories]: [org.springframework.boot.test.autoconfigure.restdocs.RestDocsTestExecutionListener, org.springframework.boot.test.autoconfigure.web.client.MockRestServiceServerResetTestExecutionListener, org.springframework.boot.test.autoconfigure.web.servlet.MockMvcPrintOnlyOnFailureTestExecutionListener, org.springframework.boot.test.autoconfigure.web.servlet.WebDriverTestExecutionListener, org.springframework.boot.test.mock.mockito.MockitoTestExecutionListener, org.springframework.boot.test.mock.mockito.ResetMocksTestExecutionListener, org.springframework.test.context.web.ServletTestExecutionListener, org.springframework.test.context.support.DirtiesContextBeforeModesTestExecutionListener, org.springframework.test.context.support.DependencyInjectionTestExecutionListener, org.springframework.test.context.support.DirtiesContextTestExecutionListener, org.springframework.test.context.transaction.TransactionalTestExecutionListener, org.springframework.test.context.jdbc.SqlScriptsTestExecutionListener, org.springframework.test.context.event.EventPublishingTestExecutionListener]
15:00:35.814 [Test worker] DEBUG org.springframework.boot.test.context.SpringBootTestContextBootstrapper - Skipping candidate TestExecutionListener [org.springframework.test.context.transaction.TransactionalTestExecutionListener] due to a missing dependency. Specify custom listener classes or make the default listener classes and their required dependencies available. Offending class: [org/springframework/transaction/TransactionDefinition]
15:00:35.815 [Test worker] DEBUG org.springframework.boot.test.context.SpringBootTestContextBootstrapper - Skipping candidate TestExecutionListener [org.springframework.test.context.jdbc.SqlScriptsTestExecutionListener] due to a missing dependency. Specify custom listener classes or make the default listener classes and their required dependencies available. Offending class: [org/springframework/transaction/interceptor/TransactionAttribute]
15:00:35.815 [Test worker] INFO org.springframework.boot.test.context.SpringBootTestContextBootstrapper - Using TestExecutionListeners: [org.springframework.test.context.web.ServletTestExecutionListener@9c7ea8a, org.springframework.test.context.support.DirtiesContextBeforeModesTestExecutionListener@7b226cfd, org.springframework.boot.test.mock.mockito.MockitoTestExecutionListener@441a96c, org.springframework.boot.test.autoconfigure.SpringBootDependencyInjectionTestExecutionListener@26915c87, org.springframework.test.context.support.DirtiesContextTestExecutionListener@10b46165, org.springframework.test.context.event.EventPublishingTestExecutionListener@7899a20a, org.springframework.boot.test.autoconfigure.restdocs.RestDocsTestExecutionListener@711a6ebc, org.springframework.boot.test.autoconfigure.web.client.MockRestServiceServerResetTestExecutionListener@5d43617c, org.springframework.boot.test.autoconfigure.web.servlet.MockMvcPrintOnlyOnFailureTestExecutionListener@6e4f8cf8, org.springframework.boot.test.autoconfigure.web.servlet.WebDriverTestExecutionListener@5b73fac9, org.springframework.boot.test.mock.mockito.ResetMocksTestExecutionListener@793e0095]
15:00:35.818 [Test worker] DEBUG org.springframework.test.context.support.AbstractDirtiesContextTestExecutionListener - Before test class: context [DefaultTestContext@19850bd3 testClass = WarehouseApplicationTests, testInstance = [null], testMethod = [null], testException = [null], mergedContextConfiguration = [WebMergedContextConfiguration@a279d8c testClass = WarehouseApplicationTests, locations = '{}', classes = '{class me.tcpackfrequency.Warehouse.WarehouseApplication}', contextInitializerClasses = '[]', activeProfiles = '{}', propertySourceLocations = '{}', propertySourceProperties = '{org.springframework.boot.test.context.SpringBootTestContextBootstrapper=true}', contextCustomizers = set[org.springframework.boot.test.autoconfigure.properties.PropertyMappingContextCustomizer@0, org.springframework.boot.test.autoconfigure.web.servlet.WebDriverContextCustomizerFactory$Customizer@7f46a70c, org.springframework.boot.test.context.filter.ExcludeFilterContextCustomizer@68a14536, org.springframework.boot.test.json.DuplicateJsonObjectContextCustomizerFactory$DuplicateJsonObjectContextCustomizer@31ac82b5, org.springframework.boot.test.mock.mockito.MockitoContextCustomizer@0, org.springframework.boot.test.web.client.TestRestTemplateContextCustomizer@5ea85fde], resourceBasePath = 'src/main/webapp', contextLoader = 'org.springframework.boot.test.context.SpringBootContextLoader', parent = [null]], attributes = map['org.springframework.test.context.web.ServletTestExecutionListener.activateListener' -> true]], class annotated with @DirtiesContext [false] with mode [null].
15:00:35.834 [Test worker] DEBUG org.springframework.test.context.support.TestPropertySourceUtils - Adding inlined properties to environment: {spring.jmx.enabled=false, org.springframework.boot.test.context.SpringBootTestContextBootstrapper=true, server.port=-1}

  .   ____          _            __ _ _
 /\\ / ___'_ __ _ _(_)_ __  __ _ \ \ \ \
( ( )\___ | '_ | '_| | '_ \/ _` | \ \ \ \
 \\/  ___)| |_)| | | | | || (_| |  ) ) ) )
  '  |____| .__|_| |_|_| |_\__, | / / / /
 =========|_|==============|___/=/_/_/_/
 :: Spring Boot ::        (v2.2.0.RELEASE)

2019-11-04 15:00:35.972  INFO 29147 --- [    Test worker] m.t.Warehouse.WarehouseApplicationTests  : Starting WarehouseApplicationTests on archPC with PID 29147 (started by tcp in /home/tcp/Warehouse-App)
2019-11-04 15:00:35.973  INFO 29147 --- [    Test worker] m.t.Warehouse.WarehouseApplicationTests  : No active profile set, falling back to default profiles: default
2019-11-04 15:00:36.734  INFO 29147 --- [    Test worker] o.s.s.concurrent.ThreadPoolTaskExecutor  : Initializing ExecutorService 'applicationTaskExecutor'
2019-11-04 15:00:36.919  INFO 29147 --- [    Test worker] m.t.Warehouse.WarehouseApplicationTests  : Started WarehouseApplicationTests in 1.08 seconds (JVM running for 1.785)
]]></system-out>
  <system-err><![CDATA[]]></system-err>
</testsuite>
